
> ecole-jasmin@0.1.0 dev
> vite


  [32m[1mVITE[22m v7.3.1[39m  [2mready in [0m[1m538[22m[2m[0m ms[22m

  [32m➜[39m  [1mLocal[22m:   [36mhttp://localhost:[1m5173[22m/[39m
[2m  [32m➜[39m  [1mNetwork[22m[2m: use [22m[1m--host[22m[2m to expose[22m
[2m19:56:39[22m [36m[1m[vite][22m[39m [90m[2m(client)[22m[39m [32mhmr update [39m[2m/src/index.css, /src/components/Footer.jsx, /src/sections/ChefsSection.jsx, /src/sections/ContactSection.jsx, /src/components/Navbar.jsx[22m
[2m19:56:39[22m [36m[1m[vite][22m[39m [90m[2m(client)[22m[39m [32mhmr update [39m[2m/src/sections/ContactSection.jsx, /src/index.css[22m
[2m19:58:53[22m [36m[1m[vite][22m[39m [90m[2m(client)[22m[39m [32mhmr update [39m[2m/src/sections/SponsorsSection.jsx, /src/index.css[22m
[2m19:59:09[22m [36m[1m[vite][22m[39m [90m[2m(client)[22m[39m [32mhmr update [39m[2m/src/components/Navbar.jsx, /src/index.css[22m
[2m20:00:26[22m [36m[1m[vite][22m[39m [90m[2m(client)[22m[39m [32mhmr update [39m[2m/src/components/Footer.jsx, /src/index.css[22m
[2m20:00:26[22m [36m[1m[vite][22m[39m [90m[2m(client)[22m[39m [32mhmr update [39m[2m/src/components/Navbar.jsx, /src/index.css[22m
[2m20:00:26[22m [36m[1m[vite][22m[39m [90m[2m(client)[22m[39m [32mhmr update [39m[2m/src/index.css, /src/pages/FormationDetailPage.jsx, /src/sections/FormationsSection.jsx[22m
[2m20:00:26[22m [36m[1m[vite][22m[39m [90m[2m(client)[22m[39m [32mhmr update [39m[2m/src/pages/FormationDetailPage.jsx, /src/index.css[22m
[2m20:00:26[22m [36m[1m[vite][22m[39m [90m[2m(client)[22m[39m [32mhmr update [39m[2m/src/sections/ChefsSection.jsx, /src/index.css[22m
[2m20:00:26[22m [36m[1m[vite][22m[39m [90m[2m(client)[22m[39m [32mpage reload [39m[2mindex.html[22m
[2m20:00:26[22m [36m[1m[vite][22m[39m [90m[2m(client)[22m[39m [32mhmr update [39m[2m/src/sections/FormationsSection.jsx, /src/index.css[22m
[2m20:00:26[22m [36m[1m[vite][22m[39m [90m[2m(client)[22m[39m [32mhmr update [39m[2m/src/sections/GallerySection.jsx, /src/index.css[22m
[2m20:01:30[22m [36m[1m[vite][22m[39m [90m[2m(client)[22m[39m [32mhmr update [39m[2m/src/components/Footer.jsx, /src/index.css[22m
[2m20:01:40[22m [36m[1m[vite][22m[39m [90m[2m(client)[22m[39m [32mhmr update [39m[2m/src/pages/FormationDetailPage.jsx, /src/index.css[22m
[2m20:01:47[22m [36m[1m[vite][22m[39m [90m[2m(client)[22m[39m [32mhmr update [39m[2m/src/index.css, /src/components/Footer.jsx, /src/sections/ChefsSection.jsx, /src/sections/ContactSection.jsx, /src/components/Navbar.jsx[22m
[2m20:04:23[22m [36m[1m[vite][22m[39m [90m[2m(client)[22m[39m [32mhmr update [39m[2m/src/index.css, /src/components/SectionHeading.jsx[22m
[2m20:04:44[22m [36m[1m[vite][22m[39m [90m[2m(client)[22m[39m [32mhmr update [39m[2m/src/sections/FormationsSection.jsx, /src/index.css[22m
[2m20:06:42[22m [36m[1m[vite][22m[39m [90m[2m(client)[22m[39m [32mhmr update [39m[2m/src/sections/SponsorsSection.jsx, /src/index.css[22m
[2m20:11:45[22m [36m[1m[vite][22m[39m [90m[2m(client)[22m[39m [32mhmr update [39m[2m/src/components/Footer.jsx, /src/sections/ChefsSection.jsx, /src/sections/ContactSection.jsx, /src/components/Navbar.jsx, /src/sections/SponsorsSection.jsx, /src/pages/FormationDetailPage.jsx, /src/sections/FormationsSection.jsx[22m
[2m20:15:57[22m [36m[1m[vite][22m[39m [90m[2m(client)[22m[39m [32mhmr update [39m[2m/src/index.css, /src/pages/FormationDetailPage.jsx, /src/sections/FormationsSection.jsx[22m
[2m20:16:18[22m [36m[1m[vite][22m[39m [90m[2m(client)[22m[39m [32mhmr update [39m[2m/src/sections/FormationsSection.jsx, /src/index.css[22m
[2m20:16:34[22m [36m[1m[vite][22m[39m [90m[2m(client)[22m[39m [32mhmr update [39m[2m/src/pages/FormationDetailPage.jsx, /src/index.css[22m
[2m22:11:14[22m [36m[1m[vite][22m[39m [90m[2m(client)[22m[39m [32mhmr update [39m[2m/src/index.css, /src/components/Footer.jsx, /src/sections/ChefsSection.jsx, /src/sections/ContactSection.jsx, /src/components/Navbar.jsx[22m
[2m22:11:29[22m [36m[1m[vite][22m[39m [90m[2m(client)[22m[39m [32mhmr update [39m[2m/src/index.css, /src/components/Footer.jsx, /src/sections/ChefsSection.jsx, /src/sections/ContactSection.jsx, /src/components/Navbar.jsx[22m
[2m22:12:11[22m [36m[1m[vite][22m[39m [90m[2m(client)[22m[39m [32mhmr update [39m[2m/src/sections/SponsorsSection.jsx, /src/index.css[22m
[2m22:12:50[22m [36m[1m[vite][22m[39m [90m[2m(client)[22m[39m [32mhmr update [39m[2m/src/sections/SponsorsSection.jsx, /src/index.css[22m
[2m22:17:52[22m [36m[1m[vite][22m[39m [90m[2m(client)[22m[39m [32mhmr update [39m[2m/src/index.css, /src/components/Footer.jsx, /src/sections/ChefsSection.jsx, /src/sections/ContactSection.jsx, /src/components/Navbar.jsx[22m
[2m22:19:22[22m [36m[1m[vite][22m[39m [90m[2m(client)[22m[39m [32mhmr update [39m[2m/src/index.css, /src/components/Footer.jsx, /src/sections/ChefsSection.jsx, /src/sections/ContactSection.jsx, /src/components/Navbar.jsx[22m
[2m22:20:31[22m [36m[1m[vite][22m[39m [90m[2m(client)[22m[39m [32mhmr update [39m[2m/src/index.css, /src/components/Footer.jsx, /src/sections/ChefsSection.jsx, /src/sections/ContactSection.jsx, /src/components/Navbar.jsx[22m
[2m22:32:46[22m [36m[1m[vite][22m[39m [90m[2m(client)[22m[39m [32mhmr update [39m[2m/src/index.css, /src/components/Footer.jsx, /src/sections/ChefsSection.jsx, /src/sections/ContactSection.jsx, /src/components/Navbar.jsx[22m
[2m22:33:11[22m [36m[1m[vite][22m[39m [90m[2m(client)[22m[39m [32mhmr update [39m[2m/src/sections/SponsorsSection.jsx, /src/index.css[22m
[2m22:39:52[22m [36m[1m[vite][22m[39m [90m[2m(client)[22m[39m [32mhmr update [39m[2m/src/sections/SponsorsSection.jsx, /src/index.css[22m
[2m22:41:16[22m [36m[1m[vite][22m[39m [90m[2m(client)[22m[39m [32mhmr update [39m[2m/src/sections/SponsorsSection.jsx, /src/index.css[22m
[2m22:46:08[22m [36m[1m[vite][22m[39m [90m[2m(client)[22m[39m [32mhmr update [39m[2m/src/sections/SponsorsSection.jsx, /src/index.css[22m
[2m22:54:49[22m [36m[1m[vite][22m[39m [90m[2m(client)[22m[39m [32mhmr update [39m[2m/src/sections/SponsorsSection.jsx, /src/index.css[22m
[2m23:14:39[22m [36m[1m[vite][22m[39m [90m[2m(client)[22m[39m [32mhmr update [39m[2m/src/index.css, /src/pages/FormationDetailPage.jsx, /src/sections/FormationsSection.jsx[22m
[2m23:24:53[22m [36m[1m[vite][22m[39m [90m[2m(client)[22m[39m [32mhmr update [39m[2m/src/index.css, /src/components/Footer.jsx, /src/sections/ChefsSection.jsx, /src/sections/ContactSection.jsx, /src/components/Navbar.jsx[22m
[2m23:25:03[22m [36m[1m[vite][22m[39m [90m[2m(client)[22m[39m [32mhmr update [39m[2m/src/sections/ChefsSection.jsx, /src/index.css[22m
[2m23:25:11[22m [36m[1m[vite][22m[39m [90m[2m(client)[22m[39m [32mhmr update [39m[2m/src/sections/ChefsSection.jsx, /src/index.css[22m
[2m23:28:35[22m [36m[1m[vite][22m[39m [90m[2m(client)[22m[39m [32mhmr update [39m[2m/src/sections/ChefsSection.jsx, /src/index.css[22m
[2m23:28:39[22m [36m[1m[vite][22m[39m [90m[2m(client)[22m[39m [32mhmr update [39m[2m/src/index.css, /src/components/Footer.jsx, /src/sections/ChefsSection.jsx, /src/sections/ContactSection.jsx, /src/components/Navbar.jsx[22m
[2m23:31:58[22m [36m[1m[vite][22m[39m [90m[2m(client)[22m[39m [32mhmr update [39m[2m/src/sections/ChefsSection.jsx, /src/index.css[22m
[2m23:32:09[22m [36m[1m[vite][22m[39m [90m[2m(client)[22m[39m [32mhmr update [39m[2m/src/index.css, /src/components/Footer.jsx, /src/sections/ChefsSection.jsx, /src/sections/ContactSection.jsx, /src/components/Navbar.jsx[22m
[2m23:33:32[22m [36m[1m[vite][22m[39m [90m[2m(client)[22m[39m [32mhmr update [39m[2m/src/sections/AboutSection.jsx, /src/index.css[22m
[2m23:41:01[22m [36m[1m[vite][22m[39m [90m[2m(client)[22m[39m [32mhmr update [39m[2m/src/sections/HeroSection.jsx, /src/index.css[22m
[2m23:44:49[22m [36m[1m[vite][22m[39m [90m[2m(client)[22m[39m [32mhmr update [39m[2m/src/sections/HeroSection.jsx, /src/index.css[22m
[2m23:46:34[22m [36m[1m[vite][22m[39m [90m[2m(client)[22m[39m [32mhmr update [39m[2m/src/sections/HeroSection.jsx, /src/index.css[22m
[2m10:07:29[22m [36m[1m[vite][22m[39m [90m[2m(client)[22m[39m [32mhmr update [39m[2m/src/index.css, /src/components/Footer.jsx, /src/sections/ChefsSection.jsx, /src/sections/ContactSection.jsx, /src/components/Navbar.jsx[22m
[2m10:07:36[22m [36m[1m[vite][22m[39m [90m[2m(client)[22m[39m [32mhmr update [39m[2m/src/sections/ChefsSection.jsx, /src/index.css[22m
[2m10:07:44[22m [36m[1m[vite][22m[39m [90m[2m(client)[22m[39m [32mhmr update [39m[2m/src/sections/AboutSection.jsx, /src/index.css[22m
[2m10:10:09[22m [36m[1m[vite][22m[39m [90m[2m(client)[22m[39m [32mhmr update [39m[2m/src/sections/HeroSection.jsx, /src/index.css[22m
[2m10:10:09[22m [36m[1m[vite][22m[39m [90m[2m(client)[22m[39m [32mhmr update [39m[2m/src/sections/HeroSection.jsx, /src/index.css[22m
[2m10:10:10[22m [36m[1m[vite][22m[39m [90m[2m(client)[22m[39m [32mhmr update [39m[2m/src/sections/HeroSection.jsx, /src/index.css[22m
[2m10:19:38[22m [36m[1m[vite][22m[39m [90m[2m(client)[22m[39m [32mhmr update [39m[2m/src/index.css, /src/pages/FormationDetailPage.jsx, /src/sections/FormationsSection.jsx[22m
[2m10:20:05[22m [36m[1m[vite][22m[39m [90m[2m(client)[22m[39m [32mhmr update [39m[2m/src/index.css, /src/pages/FormationDetailPage.jsx, /src/sections/FormationsSection.jsx[22m
[2m10:20:10[22m [36m[1m[vite][22m[39m [90m[2m(client)[22m[39m [32mhmr update [39m[2m/src/index.css, /src/pages/FormationDetailPage.jsx, /src/sections/FormationsSection.jsx[22m
[2m10:20:17[22m [36m[1m[vite][22m[39m [90m[2m(client)[22m[39m [32mhmr update [39m[2m/src/index.css, /src/pages/FormationDetailPage.jsx, /src/sections/FormationsSection.jsx[22m
[2m10:20:54[22m [36m[1m[vite][22m[39m [90m[2m(client)[22m[39m [32mhmr update [39m[2m/src/index.css, /src/pages/FormationDetailPage.jsx, /src/sections/FormationsSection.jsx[22m
[2m10:32:42[22m [36m[1m[vite][22m[39m [90m[2m(client)[22m[39m [32mhmr update [39m[2m/src/sections/HeroSection.jsx, /src/index.css[22m
[2m10:42:18[22m [36m[1m[vite][22m[39m [90m[2m(client)[22m[39m [32mhmr update [39m[2m/src/sections/HeroSection.jsx, /src/index.css[22m
